<?xml version="1.0" encoding="UTF-8"?>
<testsuite xmlns:xsi="http://www.w3.org/2001/XMLSchema-instance" xsi:noNamespaceSchemaLocation="https://maven.apache.org/surefire/maven-surefire-plugin/xsd/surefire-test-report-3.0.xsd" version="3.0" name="TestSuite" time="3.381" tests="3" errors="0" skipped="0" failures="0">
  <properties>
[...]
</properties>
  <testcase name="testGetRequest" classname="firstTaskAPI.tests.ApiTests" time="0.808">
    <system-out><![CDATA[2025-01-09 21:35:16 INFO  Listener:36 - ====================================================
2025-01-09 21:35:16 INFO  Listener:37 - On start APITests ==========================
2025-01-09 21:35:16 INFO  Listener:38 - ====================================================
2025-01-09 21:35:16 INFO  Listener:14 - ====================================================
2025-01-09 21:35:16 INFO  Listener:15 - testGetRequest -Start
2025-01-09 21:35:16 INFO  Listener:16 - ====================================================
2025-01-09 21:35:16 INFO  Listener:17 - 
HTTP/1.1 200 OK
Date: Thu, 09 Jan 2025 19:35:17 GMT
Content-Type: application/json; charset=utf-8
Transfer-Encoding: chunked
Connection: keep-alive
Report-To: {"group":"heroku-nel","max_age":3600,"endpoints":[{"url":"https://nel.heroku.com/reports?ts=1735625518&sid=e11707d5-02a7-43ef-b45e-2cf4d2036f7d&s=hAyUwYQO3XQ4MRVLhcYi7VQfhO2nq9HUl7sque%2FZH5Q%3D"}]}
Reporting-Endpoints: heroku-nel=https://nel.heroku.com/reports?ts=1735625518&sid=e11707d5-02a7-43ef-b45e-2cf4d2036f7d&s=hAyUwYQO3XQ4MRVLhcYi7VQfhO2nq9HUl7sque%2FZH5Q%3D
Nel: {"report_to":"heroku-nel","max_age":3600,"success_fraction":0.005,"failure_fraction":0.05,"response_headers":["Via"]}
X-Powered-By: Express
X-Ratelimit-Limit: 1000
X-Ratelimit-Remaining: 999
X-Ratelimit-Reset: 1735625565
Vary: Origin, Accept-Encoding
Access-Control-Allow-Credentials: true
Cache-Control: max-age=43200
Pragma: no-cache
Expires: -1
X-Content-Type-Options: nosniff
Etag: W/"124-yiKdLzqO5gfBrJFrcdJ8Yq0LGnU"
Via: 1.1 vegur
CF-Cache-Status: HIT
Age: 19371
Server: cloudflare
CF-RAY: 8ff6de9dd824c3b3-WAW
Content-Encoding: gzip
alt-svc: h3=":443"; ma=86400
server-timing: cfL4;desc="?proto=TCP&rtt=18523&min_rtt=18447&rtt_var=7070&sent=5&recv=6&lost=0&retrans=0&sent_bytes=3115&recv_bytes=824&delivery_rate=227947&cwnd=252&unsent_bytes=0&cid=26a620b900c19a7c&ts=86&x=0"

{
    "userId": 1,
    "id": 1,
    "title": "sunt aut facere repellat provident occaecati excepturi optio reprehenderit",
    "body": "quia et suscipit\nsuscipit recusandae consequuntur expedita et cum\nreprehenderit molestiae ut ut quas totam\nnostrum rerum est autem sunt rem eveniet architecto"
}
Title: sunt aut facere repellat provident occaecati excepturi optio reprehenderit
2025-01-09 21:35:17 INFO  Listener:29 - ====================================================
2025-01-09 21:35:17 INFO  Listener:30 - testGetRequest -Finish
2025-01-09 21:35:17 INFO  Listener:31 - ====================================================
]]></system-out>
  </testcase>
  <testcase name="testPostRequest" classname="firstTaskAPI.tests.ApiTests" time="0.393">
    <system-out><![CDATA[2025-01-09 21:35:17 INFO  Listener:14 - ====================================================
2025-01-09 21:35:17 INFO  Listener:15 - testPostRequest -Start
2025-01-09 21:35:17 INFO  Listener:16 - ====================================================
2025-01-09 21:35:17 INFO  Listener:17 - 
HTTP/1.1 201 Created
Date: Thu, 09 Jan 2025 19:35:17 GMT
Content-Type: application/json; charset=utf-8
Content-Length: 65
Connection: keep-alive
Report-To: {"group":"heroku-nel","max_age":3600,"endpoints":[{"url":"https://nel.heroku.com/reports?ts=1736451317&sid=e11707d5-02a7-43ef-b45e-2cf4d2036f7d&s=Iw5FDDbF1vEnd2EVOK9BbScwNImQ6BVdj4HbAG2xotQ%3D"}]}
Reporting-Endpoints: heroku-nel=https://nel.heroku.com/reports?ts=1736451317&sid=e11707d5-02a7-43ef-b45e-2cf4d2036f7d&s=Iw5FDDbF1vEnd2EVOK9BbScwNImQ6BVdj4HbAG2xotQ%3D
Nel: {"report_to":"heroku-nel","max_age":3600,"success_fraction":0.005,"failure_fraction":0.05,"response_headers":["Via"]}
X-Powered-By: Express
X-Ratelimit-Limit: 1000
X-Ratelimit-Remaining: 999
X-Ratelimit-Reset: 1736451348
Vary: Origin, X-HTTP-Method-Override, Accept-Encoding
Access-Control-Allow-Credentials: true
Cache-Control: no-cache
Pragma: no-cache
Expires: -1
Access-Control-Expose-Headers: Location
Location: https://jsonplaceholder.typicode.com/posts/101
X-Content-Type-Options: nosniff
Etag: W/"41-GDNaWfnVU6RZhpLbye0veBaqcHA"
Via: 1.1 vegur
cf-cache-status: DYNAMIC
Server: cloudflare
CF-RAY: 8ff6de9f2e5ac400-WAW
alt-svc: h3=":443"; ma=86400
server-timing: cfL4;desc="?proto=TCP&rtt=18459&min_rtt=18424&rtt_var=6979&sent=5&recv=6&lost=0&retrans=0&sent_bytes=3114&recv_bytes=882&delivery_rate=232237&cwnd=252&unsent_bytes=0&cid=1004b042e4c54dcb&ts=150&x=0"

{
    "title": "foo",
    "body": "bar",
    "userId": 1,
    "id": 101
}
POST Response: {
    "title": "foo",
    "body": "bar",
    "userId": 1,
    "id": 101
}
2025-01-09 21:35:17 INFO  Listener:29 - ====================================================
2025-01-09 21:35:17 INFO  Listener:30 - testPostRequest -Finish
2025-01-09 21:35:17 INFO  Listener:31 - ====================================================
]]></system-out>
  </testcase>
  <testcase name="testPageTitle" classname="secondTaskUI.tests.UITest" time="0.071">
    <system-out><![CDATA[2025-01-09 21:35:17 INFO  Listener:43 - ====================================================
2025-01-09 21:35:17 INFO  Listener:44 - On Finish APITests =========================
2025-01-09 21:35:17 INFO  Listener:45 - ====================================================
2025-01-09 21:35:17 INFO  Listener:36 - ====================================================
2025-01-09 21:35:17 INFO  Listener:37 - On start UITests ==========================
2025-01-09 21:35:17 INFO  Listener:38 - ====================================================
2025-01-09 21:35:19 INFO  Listener:14 - ====================================================
2025-01-09 21:35:19 INFO  Listener:15 - testPageTitle -Start
2025-01-09 21:35:19 INFO  Listener:16 - ====================================================
2025-01-09 21:35:19 INFO  Listener:17 - 
]]></system-out>
    <system-err><![CDATA[Jan 09, 2025 9:35:18 PM org.openqa.selenium.devtools.CdpVersionFinder findNearestMatch
WARNING: Unable to find CDP implementation matching 131
Jan 09, 2025 9:35:18 PM org.openqa.selenium.chromium.ChromiumDriver lambda$new$5
WARNING: Unable to find version of CDP to use for 131.0.6778.265. You may need to include a dependency on a specific version of the CDP using something similar to `org.seleniumhq.selenium:selenium-devtools-v86:4.16.1` where the version ("v86") matches the version of the chromium-based browser you're using and the version number of the artifact is the same as Selenium's.
]]></system-err>
  </testcase>
</testsuite>