<?xml version="1.0" encoding="UTF-8"?>
<testng-results ignored="0" total="3" passed="3" failed="0" skipped="0">
  <reporter-output>
  </reporter-output>
  <suite started-at="2025-01-09T21:35:16 EET" name="ApiAndUI" finished-at="2025-01-09T21:35:19 EET" duration-ms="2978">
    <groups>
    </groups>
    <test started-at="2025-01-09T21:35:16 EET" name="APITests" finished-at="2025-01-09T21:35:17 EET" duration-ms="1214">
      <class name="firstTaskAPI.tests.ApiTests">
        <test-method signature="testGetRequest()[pri:0, instance:firstTaskAPI.tests.ApiTests@4febb875]" started-at="2025-01-09T21:35:16 EET" name="testGetRequest" finished-at="2025-01-09T21:35:17 EET" duration-ms="790" status="PASS">
          <reporter-output>
          </reporter-output>
        </test-method> <!-- testGetRequest -->
        <test-method signature="testPostRequest()[pri:0, instance:firstTaskAPI.tests.ApiTests@4febb875]" started-at="2025-01-09T21:35:17 EET" name="testPostRequest" finished-at="2025-01-09T21:35:17 EET" duration-ms="387" status="PASS">
          <reporter-output>
          </reporter-output>
        </test-method> <!-- testPostRequest -->
      </class> <!-- firstTaskAPI.tests.ApiTests -->
    </test> <!-- APITests -->
    <test started-at="2025-01-09T21:35:17 EET" name="UITests" finished-at="2025-01-09T21:35:19 EET" duration-ms="1752">
      <class name="secondTaskUI.tests.UITest">
        <test-method is-config="true" signature="setParam()[pri:0, instance:secondTaskUI.tests.UITest@64dafeed]" started-at="2025-01-09T21:35:16 EET" name="setParam" finished-at="2025-01-09T21:35:16 EET" duration-ms="7" status="PASS">
          <reporter-output>
          </reporter-output>
        </test-method> <!-- setParam -->
        <test-method is-config="true" signature="setup()[pri:0, instance:secondTaskUI.tests.UITest@64dafeed]" started-at="2025-01-09T21:35:17 EET" name="setup" finished-at="2025-01-09T21:35:19 EET" duration-ms="1590" status="PASS">
          <reporter-output>
          </reporter-output>
        </test-method> <!-- setup -->
        <test-method signature="testPageTitle()[pri:0, instance:secondTaskUI.tests.UITest@64dafeed]" started-at="2025-01-09T21:35:19 EET" name="testPageTitle" finished-at="2025-01-09T21:35:19 EET" duration-ms="71" status="PASS">
          <reporter-output>
          </reporter-output>
        </test-method> <!-- testPageTitle -->
        <test-method is-config="true" signature="closeBrowser(org.testng.ITestResult)[pri:0, instance:secondTaskUI.tests.UITest@64dafeed]" started-at="2025-01-09T21:35:19 EET" name="closeBrowser" finished-at="2025-01-09T21:35:19 EET" duration-ms="83" status="PASS">
          <params>
            <param index="0">
              <value>
                <![CDATA[[TestResult name=testPageTitle status=SUCCESS method=UITest.testPageTitle()[pri:0, instance:secondTaskUI.tests.UITest@64dafeed] output={null}]]]>
              </value>
            </param>
          </params>
          <reporter-output>
          </reporter-output>
        </test-method> <!-- closeBrowser -->
      </class> <!-- secondTaskUI.tests.UITest -->
    </test> <!-- UITests -->
  </suite> <!-- ApiAndUI -->
</testng-results>
